<?xml version="1.0" encoding="UTF-8"?>
<testsuite xmlns:xsi="http://www.w3.org/2001/XMLSchema-instance" xsi:noNamespaceSchemaLocation="https://maven.apache.org/surefire/maven-surefire-plugin/xsd/surefire-test-report.xsd" name="br.edu.ifpb.CalculadoraTest" time="0.063" tests="4" errors="0" skipped="0" failures="0">
  <properties>
    <property name="sun.desktop" value="windows"/>
    <property name="awt.toolkit" value="sun.awt.windows.WToolkit"/>
    <property name="java.specification.version" value="11"/>
    <property name="sun.cpu.isalist" value="amd64"/>
    <property name="sun.jnu.encoding" value="Cp1252"/>
    <property name="java.class.path" value="C:\Users\Guilherme\Documents\Engenharia de Computação\00 não git\2 Sem\POO\Projs\Calculadora\target\test-classes;C:\Users\Guilherme\Documents\Engenharia de Computação\00 não git\2 Sem\POO\Projs\Calculadora\target\classes;C:\Users\Guilherme\.m2\repository\junit\junit\4.11\junit-4.11.jar;C:\Users\Guilherme\.m2\repository\org\hamcrest\hamcrest-core\1.3\hamcrest-core-1.3.jar;"/>
    <property name="java.vm.vendor" value="Oracle Corporation"/>
    <property name="sun.arch.data.model" value="64"/>
    <property name="user.variant" value=""/>
    <property name="java.vendor.url" value="http://java.oracle.com/"/>
    <property name="user.timezone" value="GMT-03:00"/>
    <property name="java.vm.specification.version" value="11"/>
    <property name="os.name" value="Windows 10"/>
    <property name="sun.java.launcher" value="SUN_STANDARD"/>
    <property name="user.country" value="BR"/>
    <property name="sun.boot.library.path" value="C:\Program Files\Java\jdk-11.0.2\bin"/>
    <property name="sun.java.command" value="C:\Users\GUILHE~1\AppData\Local\Temp\surefire6878828488093544373\surefirebooter15906291018103082093.jar C:\Users\Guilherme\AppData\Local\Temp\surefire6878828488093544373 2019-03-28T09-02-41_829-jvmRun1 surefire12819265216725895373tmp surefire_011897140850970355599tmp"/>
    <property name="jdk.debug" value="release"/>
    <property name="surefire.test.class.path" value="C:\Users\Guilherme\Documents\Engenharia de Computação\00 não git\2 Sem\POO\Projs\Calculadora\target\test-classes;C:\Users\Guilherme\Documents\Engenharia de Computação\00 não git\2 Sem\POO\Projs\Calculadora\target\classes;C:\Users\Guilherme\.m2\repository\junit\junit\4.11\junit-4.11.jar;C:\Users\Guilherme\.m2\repository\org\hamcrest\hamcrest-core\1.3\hamcrest-core-1.3.jar;"/>
    <property name="sun.cpu.endian" value="little"/>
    <property name="user.home" value="C:\Users\Guilherme"/>
    <property name="user.language" value="pt"/>
    <property name="java.specification.vendor" value="Oracle Corporation"/>
    <property name="java.version.date" value="2019-01-15"/>
    <property name="java.home" value="C:\Program Files\Java\jdk-11.0.2"/>
    <property name="file.separator" value="\"/>
    <property name="basedir" value="C:\Users\Guilherme\Documents\Engenharia de Computação\00 não git\2 Sem\POO\Projs\Calculadora"/>
    <property name="java.vm.compressedOopsMode" value="32-bit"/>
    <property name="line.separator" value="&#10;"/>
    <property name="java.specification.name" value="Java Platform API Specification"/>
    <property name="java.vm.specification.vendor" value="Oracle Corporation"/>
    <property name="java.awt.graphicsenv" value="sun.awt.Win32GraphicsEnvironment"/>
    <property name="surefire.real.class.path" value="C:\Users\GUILHE~1\AppData\Local\Temp\surefire6878828488093544373\surefirebooter15906291018103082093.jar"/>
    <property name="user.script" value=""/>
    <property name="sun.management.compiler" value="HotSpot 64-Bit Tiered Compilers"/>
    <property name="java.runtime.version" value="11.0.2+9-LTS"/>
    <property name="user.name" value="Guilherme"/>
    <property name="path.separator" value=";"/>
    <property name="os.version" value="10.0"/>
    <property name="java.runtime.name" value="Java(TM) SE Runtime Environment"/>
    <property name="file.encoding" value="Cp1252"/>
    <property name="java.vm.name" value="Java HotSpot(TM) 64-Bit Server VM"/>
    <property name="java.vendor.version" value="18.9"/>
    <property name="localRepository" value="C:\Users\Guilherme\.m2\repository"/>
    <property name="java.vendor.url.bug" value="http://bugreport.java.com/bugreport/"/>
    <property name="java.io.tmpdir" value="C:\Users\GUILHE~1\AppData\Local\Temp\"/>
    <property name="java.version" value="11.0.2"/>
    <property name="user.dir" value="C:\Users\Guilherme\Documents\Engenharia de Computação\00 não git\2 Sem\POO\Projs\Calculadora"/>
    <property name="os.arch" value="amd64"/>
    <property name="java.vm.specification.name" value="Java Virtual Machine Specification"/>
    <property name="java.awt.printerjob" value="sun.awt.windows.WPrinterJob"/>
    <property name="sun.os.patch.level" value=""/>
    <property name="java.library.path" value="C:\Program Files\Java\jdk-11.0.2\bin;C:\WINDOWS\Sun\Java\bin;C:\WINDOWS\system32;C:\WINDOWS;C:\Program Files (x86)\NVIDIA Corporation\PhysX\Common;C:\WINDOWS\system32;C:\WINDOWS;C:\WINDOWS\System32\Wbem;C:\WINDOWS\System32\WindowsPowerShell\v1.0\;C:\WINDOWS\System32\OpenSSH\;C:\MinGW\bin;C:\Program Files\apache-maven-3.6.0\bin;C:\Program Files\Java\jdk-11.0.2\bin;C:\Program Files\Git\cmd;C:\Users\Guilherme\AppData\Local\Microsoft\WindowsApps;C:\Users\Guilherme\AppData\Local\Programs\Microsoft VS Code\bin;C:\MinGW\bin;C:\Program Files\Java\jdk-11.0.2\bin;C:\Program Files\apache-maven-3.6.0\bin;C:\Users\Guilherme\Anaconda3;;."/>
    <property name="java.vendor" value="Oracle Corporation"/>
    <property name="java.vm.info" value="mixed mode"/>
    <property name="java.vm.version" value="11.0.2+9-LTS"/>
    <property name="sun.io.unicode.encoding" value="UnicodeLittle"/>
    <property name="java.class.version" value="55.0"/>
  </properties>
  <testcase name="subtrair" classname="br.edu.ifpb.CalculadoraTest" time="0"/>
  <testcase name="somar" classname="br.edu.ifpb.CalculadoraTest" time="0"/>
  <testcase name="multiplicar" classname="br.edu.ifpb.CalculadoraTest" time="0"/>
  <testcase name="dividir" classname="br.edu.ifpb.CalculadoraTest" time="0"/>
</testsuite>